#
# There is insufficient memory for the Java Runtime Environment to continue.
# Native memory allocation (malloc) failed to allocate 32744 bytes for ChunkPool::allocate
# Possible reasons:
#   The system is out of physical RAM or swap space
#   In 32 bit mode, the process size limit was hit
# Possible solutions:
#   Reduce memory load on the system
#   Increase physical memory or swap space
#   Check if swap backing store is full
#   Use 64 bit Java on a 64 bit OS
#   Decrease Java heap size (-Xmx/-Xms)
#   Decrease number of Java threads
#   Decrease Java thread stack sizes (-Xss)
#   Set larger code cache with -XX:ReservedCodeCacheSize=
# This output file may be truncated or incomplete.
#
#  Out of Memory Error (allocation.cpp:273), pid=1724, tid=0x0000000000002180
#
# JRE version: Java(TM) SE Runtime Environment (8.0_102-b14) (build 1.8.0_102-b14)
# Java VM: Java HotSpot(TM) 64-Bit Server VM (25.102-b14 mixed mode windows-amd64 compressed oops)
# Failed to write core dump. Minidumps are not enabled by default on client versions of Windows
#

---------------  T H R E A D  ---------------

Current thread (0x0000000017b30000):  JavaThread "C2 CompilerThread0" daemon [_thread_in_native, id=8576, stack(0x00000000191a0000,0x00000000192a0000)]

Stack: [0x00000000191a0000,0x00000000192a0000]
[error occurred during error reporting (printing stack bounds), id 0xc0000005]

Native frames: (J=compiled Java code, j=interpreted, Vv=VM code, C=native code)


Current CompileTask:
C2:   3514 1458       4       java.net.URLClassLoader$1::run (5 bytes)


---------------  P R O C E S S  ---------------

Java Threads: ( => current thread )
  0x000000001a6f4800 JavaThread "Stdin handler" [_thread_blocked, id=6048, stack(0x000000001c100000,0x000000001c200000)]
  0x000000001a6ee000 JavaThread "Asynchronous log dispatcher for org.gradle.launcher.daemon.server.DefaultDaemonConnection@345ec991" [_thread_blocked, id=6224, stack(0x000000001c000000,0x000000001c100000)]
  0x000000001a9f1800 JavaThread "Daemon worker" [_thread_in_Java, id=1832, stack(0x000000001bf00000,0x000000001c000000)]
  0x000000001a9f0000 JavaThread "Cancel handler" [_thread_blocked, id=6164, stack(0x000000001be00000,0x000000001bf00000)]
  0x000000001a6e7000 JavaThread "Handler for socket connection from /127.0.0.1:58291 to /127.0.0.1:58292" [_thread_in_native, id=2832, stack(0x000000001bd00000,0x000000001be00000)]
  0x000000001a6eb800 JavaThread "Daemon" [_thread_blocked, id=8340, stack(0x000000001bc00000,0x000000001bd00000)]
  0x000000001a64b000 JavaThread "Incoming local TCP Connector on port 58291" [_thread_in_native, id=1248, stack(0x000000001b7a0000,0x000000001b8a0000)]
  0x000000001aadb000 JavaThread "pool-1-thread-1" [_thread_blocked, id=428, stack(0x000000001a2a0000,0x000000001a3a0000)]
  0x0000000017b8d000 JavaThread "Service Thread" daemon [_thread_blocked, id=912, stack(0x00000000198a0000,0x00000000199a0000)]
  0x0000000017b3d000 JavaThread "C1 CompilerThread2" daemon [_thread_blocked, id=3904, stack(0x00000000193a0000,0x00000000194a0000)]
  0x0000000017b34000 JavaThread "C2 CompilerThread1" daemon [_thread_blocked, id=7316, stack(0x00000000192a0000,0x00000000193a0000)]
=>0x0000000017b30000 JavaThread "C2 CompilerThread0" daemon [_thread_in_native, id=8576, stack(0x00000000191a0000,0x00000000192a0000)]
  0x0000000017b2e000 JavaThread "Attach Listener" daemon [_thread_blocked, id=7120, stack(0x00000000190a0000,0x00000000191a0000)]
  0x0000000017b2d000 JavaThread "Signal Dispatcher" daemon [_thread_blocked, id=8328, stack(0x0000000018fa0000,0x00000000190a0000)]
  0x0000000002f0d800 JavaThread "Finalizer" daemon [_thread_blocked, id=7104, stack(0x0000000018d90000,0x0000000018e90000)]
  0x0000000002f01800 JavaThread "Reference Handler" daemon [_thread_blocked, id=6372, stack(0x0000000018c90000,0x0000000018d90000)]
  0x0000000002c0d800 JavaThread "main" [_thread_blocked, id=5948, stack(0x0000000002d10000,0x0000000002e10000)]

Other Threads:
  0x0000000017af8000 VMThread [stack: 0x0000000018b90000,0x0000000018c90000] [id=8852]
  0x00000000194f6800 WatcherThread [stack: 0x00000000199a0000,0x0000000019aa0000] [id=7792]

VM state:not at safepoint (normal execution)

VM Mutex/Monitor currently owned by a thread: None

Heap:
 PSYoungGen      total 18944K, used 9552K [0x00000000d5580000, 0x00000000d6a80000, 0x0000000100000000)
  eden space 16384K, 42% used [0x00000000d5580000,0x00000000d5c5a490,0x00000000d6580000)
  from space 2560K, 99% used [0x00000000d6580000,0x00000000d67f9da8,0x00000000d6800000)
  to   space 2560K, 0% used [0x00000000d6800000,0x00000000d6800000,0x00000000d6a80000)
 ParOldGen       total 33280K, used 5261K [0x0000000080000000, 0x0000000082080000, 0x00000000d5580000)
  object space 33280K, 15% used [0x0000000080000000,0x0000000080523508,0x0000000082080000)
 Metaspace       used 16987K, capacity 17300K, committed 17536K, reserved 1069056K
  class space    used 2283K, capacity 2388K, committed 2432K, reserved 1048576K

Card table byte_map: [0x00000000122d0000,0x00000000126e0000] byte_map_base: 0x0000000011ed0000

Marking Bits: (ParMarkBitMap*) 0x000000006c25a6c0
 Begin Bits: [0x0000000012d90000, 0x0000000014d90000)
 End Bits:   [0x0000000014d90000, 0x0000000016d90000)

Polling page: 0x0000000001380000

CodeCache: size=245760Kb used=5014Kb max_used=5016Kb free=240745Kb
 bounds [0x0000000002f10000, 0x0000000003400000, 0x0000000011f10000]
 total_blobs=1843 nmethods=1465 adapters=290
 compilation: enabled

Compilation events (10 events):
Event: 3.499 Thread 0x0000000017b3d000 nmethod 1461 0x00000000033f36d0 code [0x00000000033f3840, 0x00000000033f39e8]
Event: 3.499 Thread 0x0000000017b34000 nmethod 1460 0x00000000033f7f10 code [0x00000000033f80a0, 0x00000000033f8988]
Event: 3.500 Thread 0x0000000017b3d000 1462       1       java.lang.reflect.Constructor::getConstructorAccessor (5 bytes)
Event: 3.500 Thread 0x0000000017b3d000 nmethod 1462 0x00000000033f0610 code [0x00000000033f0760, 0x00000000033f0870]
Event: 3.505 Thread 0x0000000017b3d000 1463       3       java.lang.Class::getDeclaringClass (22 bytes)
Event: 3.506 Thread 0x0000000017b3d000 nmethod 1463 0x00000000033f2710 code [0x00000000033f28a0, 0x00000000033f2c28]
Event: 3.506 Thread 0x0000000017b3d000 1465       3       org.gradle.internal.service.DefaultServiceRegistry$SingletonService::isFactory (128 bytes)
Event: 3.508 Thread 0x0000000017b3d000 nmethod 1465 0x00000000033f3e50 code [0x00000000033f40e0, 0x00000000033f5458]
Event: 3.508 Thread 0x0000000017b3d000 1466       3       org.gradle.internal.service.DefaultServiceRegistry$SingletonService::getFactory (20 bytes)
Event: 3.508 Thread 0x0000000017b3d000 nmethod 1466 0x00000000033f2110 code [0x00000000033f22a0, 0x00000000033f25f8]

GC Heap History (10 events):
Event: 1.254 GC heap before
{Heap before GC invocations=2 (full 0):
 PSYoungGen      total 18944K, used 18930K [0x00000000d5580000, 0x00000000d6a80000, 0x0000000100000000)
  eden space 16384K, 100% used [0x00000000d5580000,0x00000000d6580000,0x00000000d6580000)
  from space 2560K, 99% used [0x00000000d6580000,0x00000000d67fcaf0,0x00000000d6800000)
  to   space 2560K, 0% used [0x00000000d6800000,0x00000000d6800000,0x00000000d6a80000)
 ParOldGen       total 44032K, used 643K [0x0000000080000000, 0x0000000082b00000, 0x00000000d5580000)
  object space 44032K, 1% used [0x0000000080000000,0x00000000800a0e38,0x0000000082b00000)
 Metaspace       used 6181K, capacity 6428K, committed 6528K, reserved 1056768K
  class space    used 796K, capacity 868K, committed 896K, reserved 1048576K
Event: 1.258 GC heap after
Heap after GC invocations=2 (full 0):
 PSYoungGen      total 18944K, used 2079K [0x00000000d5580000, 0x00000000d6a80000, 0x0000000100000000)
  eden space 16384K, 0% used [0x00000000d5580000,0x00000000d5580000,0x00000000d6580000)
  from space 2560K, 81% used [0x00000000d6800000,0x00000000d6a07e10,0x00000000d6a80000)
  to   space 2560K, 0% used [0x00000000d6580000,0x00000000d6580000,0x00000000d6800000)
 ParOldGen       total 44032K, used 651K [0x0000000080000000, 0x0000000082b00000, 0x00000000d5580000)
  object space 44032K, 1% used [0x0000000080000000,0x00000000800a2e38,0x0000000082b00000)
 Metaspace       used 6181K, capacity 6428K, committed 6528K, reserved 1056768K
  class space    used 796K, capacity 868K, committed 896K, reserved 1048576K
}
Event: 2.280 GC heap before
{Heap before GC invocations=3 (full 0):
 PSYoungGen      total 18944K, used 18463K [0x00000000d5580000, 0x00000000d6a80000, 0x0000000100000000)
  eden space 16384K, 100% used [0x00000000d5580000,0x00000000d6580000,0x00000000d6580000)
  from space 2560K, 81% used [0x00000000d6800000,0x00000000d6a07e10,0x00000000d6a80000)
  to   space 2560K, 0% used [0x00000000d6580000,0x00000000d6580000,0x00000000d6800000)
 ParOldGen       total 44032K, used 651K [0x0000000080000000, 0x0000000082b00000, 0x00000000d5580000)
  object space 44032K, 1% used [0x0000000080000000,0x00000000800a2e38,0x0000000082b00000)
 Metaspace       used 10706K, capacity 11076K, committed 11264K, reserved 1058816K
  class space    used 1387K, capacity 1504K, committed 1536K, reserved 1048576K
Event: 2.288 GC heap after
Heap after GC invocations=3 (full 0):
 PSYoungGen      total 18944K, used 2560K [0x00000000d5580000, 0x00000000d6a80000, 0x0000000100000000)
  eden space 16384K, 0% used [0x00000000d5580000,0x00000000d5580000,0x00000000d6580000)
  from space 2560K, 100% used [0x00000000d6580000,0x00000000d6800000,0x00000000d6800000)
  to   space 2560K, 0% used [0x00000000d6800000,0x00000000d6800000,0x00000000d6a80000)
 ParOldGen       total 44032K, used 2176K [0x0000000080000000, 0x0000000082b00000, 0x00000000d5580000)
  object space 44032K, 4% used [0x0000000080000000,0x00000000802201b0,0x0000000082b00000)
 Metaspace       used 10706K, capacity 11076K, committed 11264K, reserved 1058816K
  class space    used 1387K, capacity 1504K, committed 1536K, reserved 1048576K
}
Event: 2.610 GC heap before
{Heap before GC invocations=4 (full 0):
 PSYoungGen      total 18944K, used 15473K [0x00000000d5580000, 0x00000000d6a80000, 0x0000000100000000)
  eden space 16384K, 78% used [0x00000000d5580000,0x00000000d621c4f8,0x00000000d6580000)
  from space 2560K, 100% used [0x00000000d6580000,0x00000000d6800000,0x00000000d6800000)
  to   space 2560K, 0% used [0x00000000d6800000,0x00000000d6800000,0x00000000d6a80000)
 ParOldGen       total 44032K, used 2176K [0x0000000080000000, 0x0000000082b00000, 0x00000000d5580000)
  object space 44032K, 4% used [0x0000000080000000,0x00000000802201b0,0x0000000082b00000)
 Metaspace       used 11926K, capacity 12212K, committed 12288K, reserved 1064960K
  class space    used 1620K, capacity 1716K, committed 1792K, reserved 1048576K
Event: 2.633 GC heap after
Heap after GC invocations=4 (full 0):
 PSYoungGen      total 18944K, used 2560K [0x00000000d5580000, 0x00000000d6a80000, 0x0000000100000000)
  eden space 16384K, 0% used [0x00000000d5580000,0x00000000d5580000,0x00000000d6580000)
  from space 2560K, 100% used [0x00000000d6800000,0x00000000d6a80000,0x00000000d6a80000)
  to   space 2560K, 0% used [0x00000000d6580000,0x00000000d6580000,0x00000000d6800000)
 ParOldGen       total 44032K, used 3543K [0x0000000080000000, 0x0000000082b00000, 0x00000000d5580000)
  object space 44032K, 8% used [0x0000000080000000,0x0000000080375d98,0x0000000082b00000)
 Metaspace       used 11926K, capacity 12212K, committed 12288K, reserved 1064960K
  class space    used 1620K, capacity 1716K, committed 1792K, reserved 1048576K
}
Event: 2.633 GC heap before
{Heap before GC invocations=5 (full 1):
 PSYoungGen      total 18944K, used 2560K [0x00000000d5580000, 0x00000000d6a80000, 0x0000000100000000)
  eden space 16384K, 0% used [0x00000000d5580000,0x00000000d5580000,0x00000000d6580000)
  from space 2560K, 100% used [0x00000000d6800000,0x00000000d6a80000,0x00000000d6a80000)
  to   space 2560K, 0% used [0x00000000d6580000,0x00000000d6580000,0x00000000d6800000)
 ParOldGen       total 44032K, used 3543K [0x0000000080000000, 0x0000000082b00000, 0x00000000d5580000)
  object space 44032K, 8% used [0x0000000080000000,0x0000000080375d98,0x0000000082b00000)
 Metaspace       used 11926K, capacity 12212K, committed 12288K, reserved 1064960K
  class space    used 1620K, capacity 1716K, committed 1792K, reserved 1048576K
Event: 2.727 GC heap after
Heap after GC invocations=5 (full 1):
 PSYoungGen      total 18944K, used 0K [0x00000000d5580000, 0x00000000d6a80000, 0x0000000100000000)
  eden space 16384K, 0% used [0x00000000d5580000,0x00000000d5580000,0x00000000d6580000)
  from space 2560K, 0% used [0x00000000d6800000,0x00000000d6800000,0x00000000d6a80000)
  to   space 2560K, 0% used [0x00000000d6580000,0x00000000d6580000,0x00000000d6800000)
 ParOldGen       total 33280K, used 4120K [0x0000000080000000, 0x0000000082080000, 0x00000000d5580000)
  object space 33280K, 12% used [0x0000000080000000,0x0000000080406308,0x0000000082080000)
 Metaspace       used 11926K, capacity 12212K, committed 12288K, reserved 1062912K
  class space    used 1620K, capacity 1716K, committed 1792K, reserved 1048576K
}
Event: 3.293 GC heap before
{Heap before GC invocations=6 (full 1):
 PSYoungGen      total 18944K, used 16384K [0x00000000d5580000, 0x00000000d6a80000, 0x0000000100000000)
  eden space 16384K, 100% used [0x00000000d5580000,0x00000000d6580000,0x00000000d6580000)
  from space 2560K, 0% used [0x00000000d6800000,0x00000000d6800000,0x00000000d6a80000)
  to   space 2560K, 0% used [0x00000000d6580000,0x00000000d6580000,0x00000000d6800000)
 ParOldGen       total 33280K, used 4120K [0x0000000080000000, 0x0000000082080000, 0x00000000d5580000)
  object space 33280K, 12% used [0x0000000080000000,0x0000000080406308,0x0000000082080000)
 Metaspace       used 16054K, capacity 16404K, committed 16640K, reserved 1064960K
  class space    used 2142K, capacity 2260K, committed 2304K, reserved 1048576K
Event: 3.303 GC heap after
Heap after GC invocations=6 (full 1):
 PSYoungGen      total 18944K, used 2535K [0x00000000d5580000, 0x00000000d6a80000, 0x0000000100000000)
  eden space 16384K, 0% used [0x00000000d5580000,0x00000000d5580000,0x00000000d6580000)
  from space 2560K, 99% used [0x00000000d6580000,0x00000000d67f9da8,0x00000000d6800000)
  to   space 2560K, 0% used [0x00000000d6800000,0x00000000d6800000,0x00000000d6a80000)
 ParOldGen       total 33280K, used 5261K [0x0000000080000000, 0x0000000082080000, 0x00000000d5580000)
  object space 33280K, 15% used [0x0000000080000000,0x0000000080523508,0x0000000082080000)
 Metaspace       used 16054K, capacity 16404K, committed 16640K, reserved 1064960K
  class space    used 2142K, capacity 2260K, committed 2304K, reserved 1048576K
}

Deoptimization events (10 events):
Event: 1.439 Thread 0x0000000002c0d800 Uncommon trap: reason=class_check action=maybe_recompile pc=0x000000000317842c method=java.util.HashMap.putVal(ILjava/lang/Object;Ljava/lang/Object;ZZ)Ljava/lang/Object; @ 203
Event: 1.570 Thread 0x0000000002c0d800 Uncommon trap: reason=unstable_if action=reinterpret pc=0x00000000031e1df0 method=java.io.WinNTFileSystem.normalize(Ljava/lang/String;)Ljava/lang/String; @ 128
Event: 1.570 Thread 0x0000000002c0d800 Uncommon trap: reason=unstable_if action=reinterpret pc=0x00000000031d7f8c method=java.io.WinNTFileSystem.normalize(Ljava/lang/String;II)Ljava/lang/String; @ 90
Event: 2.106 Thread 0x0000000002c0d800 Uncommon trap: reason=unstable_if action=reinterpret pc=0x00000000031f48d4 method=java.lang.String.substring(I)Ljava/lang/String; @ 35
Event: 2.472 Thread 0x000000001a9f1800 Uncommon trap: reason=bimorphic action=maybe_recompile pc=0x00000000031783f8 method=java.util.HashMap.putVal(ILjava/lang/Object;Ljava/lang/Object;ZZ)Ljava/lang/Object; @ 253
Event: 2.472 Thread 0x000000001a9f1800 Uncommon trap: reason=bimorphic action=maybe_recompile pc=0x00000000031783f8 method=java.util.HashMap.putVal(ILjava/lang/Object;Ljava/lang/Object;ZZ)Ljava/lang/Object; @ 253
Event: 2.472 Thread 0x000000001a9f1800 Uncommon trap: reason=bimorphic action=maybe_recompile pc=0x00000000031783f8 method=java.util.HashMap.putVal(ILjava/lang/Object;Ljava/lang/Object;ZZ)Ljava/lang/Object; @ 253
Event: 2.472 Thread 0x000000001a9f1800 Uncommon trap: reason=bimorphic action=maybe_recompile pc=0x00000000031783f8 method=java.util.HashMap.putVal(ILjava/lang/Object;Ljava/lang/Object;ZZ)Ljava/lang/Object; @ 253
Event: 2.472 Thread 0x000000001a9f1800 Uncommon trap: reason=bimorphic action=maybe_recompile pc=0x0000000003175930 method=java.util.HashMap.putVal(ILjava/lang/Object;Ljava/lang/Object;ZZ)Ljava/lang/Object; @ 253
Event: 2.891 Thread 0x000000001a9f1800 Uncommon trap: reason=unstable_if action=reinterpret pc=0x0000000003064d88 method=java.net.URI.match(CJJ)Z @ 19

Internal exceptions (10 events):
Event: 3.312 Thread 0x000000001a9f1800 Exception <a 'java/lang/ClassNotFoundException': groovy/lang/ExpandoMetaClassBeanInfo> (0x00000000d55a7698) thrown at [C:\re\workspace\8-2-build-windows-amd64-cygwin\jdk8u102\7268\hotspot\src\share\vm\classfile\systemDictionary.cpp, line 210]
Event: 3.312 Thread 0x000000001a9f1800 Exception <a 'java/lang/ClassNotFoundException': groovy/lang/MetaClassImplBeanInfo> (0x00000000d55b2330) thrown at [C:\re\workspace\8-2-build-windows-amd64-cygwin\jdk8u102\7268\hotspot\src\share\vm\classfile\systemDictionary.cpp, line 210]
Event: 3.312 Thread 0x000000001a9f1800 Exception <a 'java/lang/ClassNotFoundException': java/lang/ObjectBeanInfo> (0x00000000d55b72b8) thrown at [C:\re\workspace\8-2-build-windows-amd64-cygwin\jdk8u102\7268\hotspot\src\share\vm\classfile\systemDictionary.cpp, line 210]
Event: 3.313 Thread 0x000000001a9f1800 Exception <a 'java/lang/ClassNotFoundException': java/lang/ObjectCustomizer> (0x00000000d55bc3c0) thrown at [C:\re\workspace\8-2-build-windows-amd64-cygwin\jdk8u102\7268\hotspot\src\share\vm\classfile\systemDictionary.cpp, line 210]
Event: 3.320 Thread 0x000000001a9f1800 Exception <a 'java/lang/ClassNotFoundException': groovy/lang/MetaClassImplCustomizer> (0x00000000d55cedb0) thrown at [C:\re\workspace\8-2-build-windows-amd64-cygwin\jdk8u102\7268\hotspot\src\share\vm\classfile\systemDictionary.cpp, line 210]
Event: 3.326 Thread 0x000000001a9f1800 Exception <a 'java/lang/ClassNotFoundException': groovy/lang/ExpandoMetaClassCustomizer> (0x00000000d5602b88) thrown at [C:\re\workspace\8-2-build-windows-amd64-cygwin\jdk8u102\7268\hotspot\src\share\vm\classfile\systemDictionary.cpp, line 210]
Event: 3.341 Thread 0x000000001a9f1800 Exception <a 'java/lang/ClassNotFoundException': org/gradle/api/internal/plugins/DefaultExtraPropertiesExtensionBeanInfo> (0x00000000d56834a0) thrown at [C:\re\workspace\8-2-build-windows-amd64-cygwin\jdk8u102\7268\hotspot\src\share\vm\classfile\systemDictW{[ãåª
@
Event: 3.342 Thread 0x000000001a9f1800 Exception <a 'java/lang/ClassNotFoundException': groovy/lang/GroovyObjectSupportBeanInfo> (0x00000000d568f2d8) thrown at [C:\re\workspace\8-2-build-windows-amd64-cygwin\jdk8u102\7268\hotspot\src\share\vm\classfile\systemDictionary.cpp, line 210]
Event: 3.342 Thread 0x000000001a9f1800 Exception <a 'java/lang/ClassNotFoundException': groovy/lang/GroovyObjectSupportCustomizer> (0x00000000d569b498) thrown at [C:\re\workspace\8-2-build-windows-amd64-cygwin\jdk8u102\7268\hotspot\src\share\vm\classfile\systemDictionary.cpp, line 210]
Event: 3.343 Thread 0x000000001a9f1800 Exception <a 'java/lang/ClassNotFoundException': org/gradle/api/internal/plugins/DefaultExtraPropertiesExtensionCustomizer> (0x00000000d56b18f0) thrown at [C:\re\workspace\8-2-build-windows-amd64-cygwin\jdk8u102\7268\hotspot\src\share\vm\classfile\systemDi¥ëkù¯}
@

Events (10 events):
Event: 3.508 loading class org/gradle/api/internal/cache/HeapProportionalCacheSizer
Event: 3.508 loading class org/gradle/api/internal/cache/HeapProportionalCacheSizer done
Event: 3.509 loading class org/gradle/api/tasks/util/internal/PatternSets
Event: 3.509 loading class org/gradle/api/tasks/util/internal/PatternSets done
Event: 3.509 loading class org/gradle/api/tasks/util/internal/PatternSets$PatternSetFactory
Event: 3.509 loading class org/gradle/api/tasks/util/internal/PatternSets$PatternSetFactory done
Event: 3.510 loading class org/gradle/api/tasks/util/internal/PatternSets$InternalPatternSet
Event: 3.510 loading class org/gradle/api/tasks/util/internal/PatternSets$InternalPatternSet done
Event: 3.510 loading class org/gradle/api/internal/file/DefaultFileLookup
Event: 3.510 loading class org/gradle/api/internal/file/DefaultFileLookup done


Dynamic libraries:
0x00007ff721be0000 - 0x00007ff721c17000 	C:\Program Files\Java\jdk1.8.0_102\bin\java.exe
0x00007fff3c910000 - 0x00007fff3cae1000 	C:\WINDOWS\SYSTEM32\ntdll.dll
0x00007fff3c430000 - 0x00007fff3c4db000 	C:\WINDOWS\System32\KERNEL32.DLL
0x00007fff38f90000 - 0x00007fff391ad000 	C:\WINDOWS\System32\KERNELBASE.dll
0x00007fff3a9b0000 - 0x00007fff3aa52000 	C:\WINDOWS\System32\ADVAPI32.dll
0x00007fff39fb0000 - 0x00007fff3a04e000 	C:\WINDOWS\System32\msvcrt.dll
0x00007fff3c320000 - 0x00007fff3c379000 	C:\WINDOWS\System32\sechost.dll
0x00007fff3a120000 - 0x00007fff3a241000 	C:\WINDOWS\System32\RPCRT4.dll
0x00007fff3a5f0000 - 0x00007fff3a755000 	C:\WINDOWS\System32\USER32.dll
0x00007fff39e80000 - 0x00007fff39e9e000 	C:\WINDOWS\System32\win32u.dll
0x00007fff3c380000 - 0x00007fff3c3b4000 	C:\WINDOWS\System32\GDI32.dll
0x00007fff38e00000 - 0x00007fff38f82000 	C:\WINDOWS\System32\gdi32full.dll
0x00007fff2e350000 - 0x00007fff2e5c9000 	C:\WINDOWS\WinSxS\amd64_microsoft.windows.common-controls_6595b64144ccf1df_6.0.14393.447_none_42191651c6827bb3\COMCTL32.dll
0x00007fff3ab20000 - 0x00007fff3ade8000 	C:\WINDOWS\System32\combase.dll
0x00007fff39bb0000 - 0x00007fff39ca5000 	C:\WINDOWS\System32\ucrtbase.dll
0x00007fff393c0000 - 0x00007fff3942a000 	C:\WINDOWS\System32\bcryptPrimitives.dll
0x00007fff3a0f0000 - 0x00007fff3a11e000 	C:\WINDOWS\System32\IMM32.DLL
0x000000006c7b0000 - 0x000000006c881000 	C:\Program Files\Java\jdk1.8.0_102\jre\bin\msvcr100.dll
0x000000006ba40000 - 0x000000006c2da000 	C:\Program Files\Java\jdk1.8.0_102\jre\bin\server\jvm.dll
0x00007fff3a9a0000 - 0x00007fff3a9a8000 	C:\WINDOWS\System32\PSAPI.DLL
0x00007fff2c360000 - 0x00007fff2c369000 	C:\WINDOWS\SYSTEM32\WSOCK32.dll
0x00007fff370c0000 - 0x00007fff370e3000 	C:\WINDOWS\SYSTEM32\WINMM.dll
0x00007fff2d5b0000 - 0x00007fff2d5ba000 	C:\WINDOWS\SYSTEM32\VERSION.dll
0x00007fff3a7c0000 - 0x00007fff3a82a000 	C:\WINDOWS\System32\WS2_32.dll
0x0000000002ac0000 - 0x0000000002aeb000 	C:\WINDOWS\SYSTEM32\WINMMBASE.dll
0x00007fff392c0000 - 0x00007fff39302000 	C:\WINDOWS\System32\cfgmgr32.dll
0x000000006c7a0000 - 0x000000006c7af000 	C:\Program Files\Java\jdk1.8.0_102\jre\bin\verify.dll
0x000000006c770000 - 0x000000006c799000 	C:\Program Files\Java\jdk1.8.0_102\jre\bin\java.dll
0x000000006c750000 - 0x000000006c766000 	C:\Program Files\Java\jdk1.8.0_102\jre\bin\zip.dll
0x00007fff3ae10000 - 0x00007fff3c319000 	C:\WINDOWS\System32\SHELL32.dll
0x00007fff39430000 - 0x00007fff39b0a000 	C:\WINDOWS\System32\windows.storage.dll
0x00007fff38db0000 - 0x00007fff38dfc000 	C:\WINDOWS\System32\powrprof.dll
0x00007fff3a760000 - 0x00007fff3a7b2000 	C:\WINDOWS\System32\shlwapi.dll
0x00007fff38d90000 - 0x00007fff38d9f000 	C:\WINDOWS\System32\kernel.appcore.dll
0x00007fff39210000 - 0x00007fff392b9000 	C:\WINDOWS\System32\shcore.dll
0x00007fff38d70000 - 0x00007fff38d84000 	C:\WINDOWS\System32\profapi.dll
0x000000006c730000 - 0x000000006c74a000 	C:\Program Files\Java\jdk1.8.0_102\jre\bin\net.dll
0x00007fff386a0000 - 0x00007fff386fc000 	C:\WINDOWS\system32\mswsock.dll
0x000000006c710000 - 0x000000006c721000 	C:\Program Files\Java\jdk1.8.0_102\jre\bin\nio.dll
0x00007fff2d590000 - 0x00007fff2d5a2000 	C:\Users\Geoffroy\.gradle\native\19\windows-amd64\native-platform.dll
0x00007fff38840000 - 0x00007fff38857000 	C:\WINDOWS\SYSTEM32\CRYPTSP.dll
0x00007fff382b0000 - 0x00007fff382e3000 	C:\WINDOWS\system32\rsaenh.dll
0x00007fff38950000 - 0x00007fff3897b000 	C:\WINDOWS\SYSTEM32\bcrypt.dll
0x00007fff38520000 - 0x00007fff3853f000 	C:\WINDOWS\SYSTEM32\USERENV.dll
0x00007fff38860000 - 0x00007fff3886b000 	C:\WINDOWS\SYSTEM32\CRYPTBASE.dll
0x00007fff38430000 - 0x00007fff38468000 	C:\WINDOWS\SYSTEM32\IPHLPAPI.DLL
0x00007fff3a830000 - 0x00007fff3a838000 	C:\WINDOWS\System32\NSI.dll
0x00007fff329f0000 - 0x00007fff32a06000 	C:\WINDOWS\SYSTEM32\dhcpcsvc6.DLL
0x00007fff32af0000 - 0x00007fff32b0a000 	C:\WINDOWS\SYSTEM32\dhcpcsvc.DLL
0x000000006c700000 - 0x000000006c70d000 	C:\Program Files\Java\jdk1.8.0_102\jre\bin\management.dll

VM Arguments:
jvm_args: -Xmx2048m -Dfile.encoding=windows-1252 -Duser.country=FR -Duser.language=fr -Duser.variant 
java_command: org.gradle.launcher.daemon.bootstrap.GradleDaemon 2.14.1
java_class_path (initial): C:\Users\Geoffroy\.gradle\wrapper\dists\gradle-2.14.1-all\4cj8p00t3e5ni9e8iofg8ghvk7\gradle-2.14.1\lib\gradle-launcher-2.14.1.jar
Launcher Type: SUN_STANDARD

Environment Variables:
JAVA_HOME=C:\Program Files\Java\jdk1.8.0_102
CLASSPATH=C:\Users\Geoffroy\Documents\phoenix\platforms\android\\gradle\wrapper\gradle-wrapper.jar
PATH=C:\ProgramData\Oracle\Java\javapath;C:\Program Files\Dell\DW WLAN Card;C:\Program Files\Java\jdk1.8.0_102\bin;C:\WINDOWS\system32;C:\WINDOWS;C:\WINDOWS\System32\Wbem;C:\WINDOWS\System32\WindowsPowerShell\v1.0\;C:\Program Files (x86)\Windows Kits\8.1\Windows Performance Toolkit\;C:\Program Files (x86)\Microsoft SDKs\TypeScript\1.0\;C:\Users\Geoffroy\apache-maven-3.3.3\bin;C:\Program Files (x86)\Skype\Phone\;C:\Program Files\nodejs\;C:\Program Files (x86)\PuTTY\;C:\Program Files\Git\bin;C:\Users\Geoffroy\AppData\Roaming\npm;C:\Users\Geoffroy\AppData\Roaming\npm;C:\Users\Geoffroy\AppData\Local\Microsoft\WindowsApps;C:\Program Files (x86)\QuickTime\QTSystem;C:\cygwin64\bin;C:\Program Files (x86)\Microsoft VS Code\bin;C:\gradle-3.4\bin;C:\Program Files\Java\jdk1.8.0_102\bin;C:\Users\Geoffroy\Documents\android-sdk-windows\platform-tools;C:\Users\Geoffroy\Documents\android-sdk-windows\tools
USERNAME=Geoffroy
OS=Windows_NT
PROCESSOR_IDENTIFIER=Intel64 Family 6 Model 58 Stepping 9, GenuineIntel



---------------  S Y S T E M  ---------------

OS: Windows 10.0 , 64 bit Build 14393 (10.0.14393.0)

CPU:total 4 (2 cores per cpu, 2 threads per core) family 6 model 58 stepping 9, cmov, cx8, fxsr, mmx, sse, sse2, sse3, ssse3, sse4.1, sse4.2, popcnt, avx, aes, clmul, erms, ht, tsc, tscinvbit, tscinv

Memory: 4k page, physical 4064352k(729592k free), swap 7439968k(1156k free)

vm_info: Java HotSpot(TM) 64-Bit Server VM (25.102-b14) for windows-amd64 JRE (1.8.0_102-b14), built on Jun 22 2016 13:15:21 by "java_re" with MS VC++ 10.0 (VS2010)

time: Sat Mar 04 22:41:51 2017
elapsed time: 3 seconds (0d 0h 0m 3s)

